<?xml version="1.0" encoding="UTF-8"?>
<testsuite name="com.qingtai.vote.DemoApplicationTests" tests="1" skipped="0" failures="0" errors="0" timestamp="2020-05-21T09:07:36" hostname="LAPTOP-C3JEL8HV" time="0.172">
  <properties/>
  <testcase name="contextLoads()" classname="com.qingtai.vote.DemoApplicationTests" time="0.172"/>
  <system-out><![CDATA[17:07:31.102 [Test worker] DEBUG org.springframework.test.context.BootstrapUtils - Instantiating CacheAwareContextLoaderDelegate from class [org.springframework.test.context.cache.DefaultCacheAwareContextLoaderDelegate]
17:07:31.113 [Test worker] DEBUG org.springframework.test.context.BootstrapUtils - Instantiating BootstrapContext using constructor [public org.springframework.test.context.support.DefaultBootstrapContext(java.lang.Class,org.springframework.test.context.CacheAwareContextLoaderDelegate)]
17:07:31.138 [Test worker] DEBUG org.springframework.test.context.BootstrapUtils - Instantiating TestContextBootstrapper for test class [com.qingtai.vote.DemoApplicationTests] from class [org.springframework.boot.test.context.SpringBootTestContextBootstrapper]
17:07:31.152 [Test worker] INFO org.springframework.boot.test.context.SpringBootTestContextBootstrapper - Neither @ContextConfiguration nor @ContextHierarchy found for test class [com.qingtai.vote.DemoApplicationTests], using SpringBootContextLoader
17:07:31.156 [Test worker] DEBUG org.springframework.test.context.support.AbstractContextLoader - Did not detect default resource location for test class [com.qingtai.vote.DemoApplicationTests]: class path resource [com/qingtai/vote/DemoApplicationTests-context.xml] does not exist
17:07:31.156 [Test worker] DEBUG org.springframework.test.context.support.AbstractContextLoader - Did not detect default resource location for test class [com.qingtai.vote.DemoApplicationTests]: class path resource [com/qingtai/vote/DemoApplicationTestsContext.groovy] does not exist
17:07:31.157 [Test worker] INFO org.springframework.test.context.support.AbstractContextLoader - Could not detect default resource locations for test class [com.qingtai.vote.DemoApplicationTests]: no resource found for suffixes {-context.xml, Context.groovy}.
17:07:31.157 [Test worker] INFO org.springframework.test.context.support.AnnotationConfigContextLoaderUtils - Could not detect default configuration classes for test class [com.qingtai.vote.DemoApplicationTests]: DemoApplicationTests does not declare any static, non-private, non-final, nested classes annotated with @Configuration.
17:07:31.192 [Test worker] DEBUG org.springframework.test.context.support.ActiveProfilesUtils - Could not find an 'annotation declaring class' for annotation type [org.springframework.test.context.ActiveProfiles] and class [com.qingtai.vote.DemoApplicationTests]
17:07:31.246 [Test worker] DEBUG org.springframework.context.annotation.ClassPathScanningCandidateComponentProvider - Identified candidate component class: file [D:\Projects\Programming\Java\SpringBoot\vote\build\classes\java\main\com\qingtai\vote\VoteApplication.class]
17:07:31.257 [Test worker] INFO org.springframework.boot.test.context.SpringBootTestContextBootstrapper - Found @SpringBootConfiguration com.qingtai.vote.VoteApplication for test class com.qingtai.vote.DemoApplicationTests
17:07:31.355 [Test worker] DEBUG org.springframework.boot.test.context.SpringBootTestContextBootstrapper - @TestExecutionListeners is not present for class [com.qingtai.vote.DemoApplicationTests]: using defaults.
17:07:31.356 [Test worker] INFO org.springframework.boot.test.context.SpringBootTestContextBootstrapper - Loaded default TestExecutionListener class names from location [META-INF/spring.factories]: [org.springframework.boot.test.autoconfigure.restdocs.RestDocsTestExecutionListener, org.springframework.boot.test.autoconfigure.web.client.MockRestServiceServerResetTestExecutionListener, org.springframework.boot.test.autoconfigure.web.servlet.MockMvcPrintOnlyOnFailureTestExecutionListener, org.springframework.boot.test.autoconfigure.web.servlet.WebDriverTestExecutionListener, org.springframework.boot.test.autoconfigure.webservices.client.MockWebServiceServerTestExecutionListener, org.springframework.boot.test.mock.mockito.MockitoTestExecutionListener, org.springframework.boot.test.mock.mockito.ResetMocksTestExecutionListener, org.springframework.test.context.web.ServletTestExecutionListener, org.springframework.test.context.support.DirtiesContextBeforeModesTestExecutionListener, org.springframework.test.context.support.DependencyInjectionTestExecutionListener, org.springframework.test.context.support.DirtiesContextTestExecutionListener, org.springframework.test.context.transaction.TransactionalTestExecutionListener, org.springframework.test.context.jdbc.SqlScriptsTestExecutionListener, org.springframework.test.context.event.EventPublishingTestExecutionListener]
17:07:31.374 [Test worker] INFO org.springframework.boot.test.context.SpringBootTestContextBootstrapper - Using TestExecutionListeners: [org.springframework.test.context.web.ServletTestExecutionListener@68b7ed8, org.springframework.test.context.support.DirtiesContextBeforeModesTestExecutionListener@2761bce3, org.springframework.boot.test.mock.mockito.MockitoTestExecutionListener@5dc1f9fe, org.springframework.boot.test.autoconfigure.SpringBootDependencyInjectionTestExecutionListener@a00be79, org.springframework.test.context.support.DirtiesContextTestExecutionListener@57a07c5f, org.springframework.test.context.transaction.TransactionalTestExecutionListener@7d0c44ec, org.springframework.test.context.jdbc.SqlScriptsTestExecutionListener@2fd05cba, org.springframework.test.context.event.EventPublishingTestExecutionListener@202cdc4f, org.springframework.boot.test.autoconfigure.restdocs.RestDocsTestExecutionListener@74ba1e91, org.springframework.boot.test.autoconfigure.web.client.MockRestServiceServerResetTestExecutionListener@6b0e0fce, org.springframework.boot.test.autoconfigure.web.servlet.MockMvcPrintOnlyOnFailureTestExecutionListener@4696bb99, org.springframework.boot.test.autoconfigure.web.servlet.WebDriverTestExecutionListener@1ec9a0, org.springframework.boot.test.autoconfigure.webservices.client.MockWebServiceServerTestExecutionListener@247401a4, org.springframework.boot.test.mock.mockito.ResetMocksTestExecutionListener@3f1f1a9b]
17:07:31.378 [Test worker] DEBUG org.springframework.test.context.support.AbstractDirtiesContextTestExecutionListener - Before test class: context [DefaultTestContext@4d85f8ae testClass = DemoApplicationTests, testInstance = [null], testMethod = [null], testException = [null], mergedContextConfiguration = [WebMergedContextConfiguration@29f2dbc1 testClass = DemoApplicationTests, locations = '{}', classes = '{class com.qingtai.vote.VoteApplication}', contextInitializerClasses = '[]', activeProfiles = '{}', propertySourceLocations = '{}', propertySourceProperties = '{org.springframework.boot.test.context.SpringBootTestContextBootstrapper=true}', contextCustomizers = set[org.springframework.boot.test.autoconfigure.properties.PropertyMappingContextCustomizer@0, org.springframework.boot.test.autoconfigure.web.servlet.WebDriverContextCustomizerFactory$Customizer@157bd13f, org.springframework.boot.test.context.filter.ExcludeFilterContextCustomizer@3a0e25a0, org.springframework.boot.test.json.DuplicateJsonObjectContextCustomizerFactory$DuplicateJsonObjectContextCustomizer@517215e9, org.springframework.boot.test.mock.mockito.MockitoContextCustomizer@0, org.springframework.boot.test.web.client.TestRestTemplateContextCustomizer@a6c51, org.springframework.boot.test.context.SpringBootTestArgs@1], resourceBasePath = 'src/main/webapp', contextLoader = 'org.springframework.boot.test.context.SpringBootContextLoader', parent = [null]], attributes = map['org.springframework.test.context.web.ServletTestExecutionListener.activateListener' -> true]], class annotated with @DirtiesContext [false] with mode [null].
17:07:31.403 [Test worker] DEBUG org.springframework.test.context.support.TestPropertySourceUtils - Adding inlined properties to environment: {spring.jmx.enabled=false, org.springframework.boot.test.context.SpringBootTestContextBootstrapper=true}

  .   ____          _            __ _ _
 /\\ / ___'_ __ _ _(_)_ __  __ _ \ \ \ \
( ( )\___ | '_ | '_| | '_ \/ _` | \ \ \ \
 \\/  ___)| |_)| | | | | || (_| |  ) ) ) )
  '  |____| .__|_| |_|_| |_\__, | / / / /
 =========|_|==============|___/=/_/_/_/
 :: Spring Boot ::        (v2.3.0.RELEASE)

2020-05-21 17:07:31.668  INFO 10088 --- [    Test worker] com.qingtai.vote.DemoApplicationTests    : Starting DemoApplicationTests on LAPTOP-C3JEL8HV with PID 10088 (started by Ftr19 in D:\Projects\Programming\Java\SpringBoot\vote)
2020-05-21 17:07:31.670  INFO 10088 --- [    Test worker] com.qingtai.vote.DemoApplicationTests    : No active profile set, falling back to default profiles: default
2020-05-21 17:07:32.295  INFO 10088 --- [    Test worker] .s.d.r.c.RepositoryConfigurationDelegate : Bootstrapping Spring Data JPA repositories in DEFERRED mode.
2020-05-21 17:07:32.367  INFO 10088 --- [    Test worker] .s.d.r.c.RepositoryConfigurationDelegate : Finished Spring Data repository scanning in 62ms. Found 1 JPA repository interfaces.
2020-05-21 17:07:32.975  INFO 10088 --- [    Test worker] o.s.s.concurrent.ThreadPoolTaskExecutor  : Initializing ExecutorService 'applicationTaskExecutor'
2020-05-21 17:07:33.048  INFO 10088 --- [         task-1] o.hibernate.jpa.internal.util.LogHelper  : HHH000204: Processing PersistenceUnitInfo [name: default]
2020-05-21 17:07:33.115  INFO 10088 --- [         task-1] org.hibernate.Version                    : HHH000412: Hibernate ORM core version 5.4.15.Final
2020-05-21 17:07:33.298  WARN 10088 --- [    Test worker] JpaBaseConfiguration$JpaWebConfiguration : spring.jpa.open-in-view is enabled by default. Therefore, database queries may be performed during view rendering. Explicitly configure spring.jpa.open-in-view to disable this warning
2020-05-21 17:07:33.321  INFO 10088 --- [         task-1] o.hibernate.annotations.common.Version   : HCANN000001: Hibernate Commons Annotations {5.1.0.Final}
2020-05-21 17:07:33.481  INFO 10088 --- [         task-1] com.zaxxer.hikari.HikariDataSource       : HikariPool-1 - Starting...
2020-05-21 17:07:33.652  INFO 10088 --- [         task-1] com.zaxxer.hikari.HikariDataSource       : HikariPool-1 - Start completed.
2020-05-21 17:07:33.684  INFO 10088 --- [         task-1] org.hibernate.dialect.Dialect            : HHH000400: Using dialect: org.hibernate.dialect.MySQL8Dialect
2020-05-21 17:07:35.805  INFO 10088 --- [         task-1] o.h.e.t.j.p.i.JtaPlatformInitiator       : HHH000490: Using JtaPlatform implementation: [org.hibernate.engine.transaction.jta.platform.internal.NoJtaPlatform]
2020-05-21 17:07:35.811  INFO 10088 --- [         task-1] j.LocalContainerEntityManagerFactoryBean : Initialized JPA EntityManagerFactory for persistence unit 'default'
2020-05-21 17:07:36.226  INFO 10088 --- [    Test worker] o.s.b.a.w.s.WelcomePageHandlerMapping    : Adding welcome page template: index
2020-05-21 17:07:36.559  INFO 10088 --- [    Test worker] DeferredRepositoryInitializationListener : Triggering deferred initialization of Spring Data repositories…
2020-05-21 17:07:36.697  INFO 10088 --- [    Test worker] DeferredRepositoryInitializationListener : Spring Data repositories initialized!
2020-05-21 17:07:36.707  INFO 10088 --- [    Test worker] com.qingtai.vote.DemoApplicationTests    : Started DemoApplicationTests in 5.296 seconds (JVM running for 7.134)
]]></system-out>
  <system-err><![CDATA[]]></system-err>
</testsuite>
